<?xml version="1.0" encoding="UTF-8"?>
<testng-results ignored="0" total="2" passed="2" failed="0" skipped="0">
  <reporter-output>
  </reporter-output>
  <suite started-at="2022-12-22T16:25:22 IST" name="Default suite" finished-at="2022-12-22T16:26:00 IST" duration-ms="38457">
    <groups>
    </groups>
    <test started-at="2022-12-22T16:25:22 IST" name="Default test" finished-at="2022-12-22T16:26:00 IST" duration-ms="38457">
      <class name="KotakTstNGFramework.LoginKotak">
        <test-method is-config="true" signature="f1()[pri:0, instance:KotakTstNGFramework.LoginKotak@770d3326]" started-at="2022-12-22T16:25:22 IST" name="f1" finished-at="2022-12-22T16:25:22 IST" duration-ms="218" status="PASS">
          <reporter-output>
          </reporter-output>
        </test-method> <!-- f1 -->
        <test-method signature="TestCase001(java.lang.String,java.lang.String)[pri:0, instance:KotakTstNGFramework.LoginKotak@770d3326]" started-at="2022-12-22T16:25:23 IST" name="TestCase001" data-provider="URLData" finished-at="2022-12-22T16:25:43 IST" duration-ms="20421" status="PASS">
          <params>
            <param index="0">
              <value>
                <![CDATA[app1]]>
              </value>
            </param>
            <param index="1">
              <value>
                <![CDATA[1234]]>
              </value>
            </param>
          </params>
          <reporter-output>
          </reporter-output>
        </test-method> <!-- TestCase001 -->
        <test-method signature="TestCase001(java.lang.String,java.lang.String)[pri:0, instance:KotakTstNGFramework.LoginKotak@770d3326]" started-at="2022-12-22T16:25:43 IST" name="TestCase001" data-provider="URLData" finished-at="2022-12-22T16:26:00 IST" duration-ms="17120" status="PASS">
          <params>
            <param index="0">
              <value>
                <![CDATA[app2]]>
              </value>
            </param>
            <param index="1">
              <value>
                <![CDATA[2345]]>
              </value>
            </param>
          </params>
          <reporter-output>
          </reporter-output>
        </test-method> <!-- TestCase001 -->
      </class> <!-- KotakTstNGFramework.LoginKotak -->
    </test> <!-- Default test -->
  </suite> <!-- Default suite -->
</testng-results>
