<?xml version="1.0" encoding="UTF-8"?>
<testng-results ignored="0" total="3" passed="2" failed="1" skipped="0">
  <reporter-output>
  </reporter-output>
  <suite started-at="2023-01-12T13:29:02 IST" name="Default suite" finished-at="2023-01-12T13:29:41 IST" duration-ms="38919">
    <groups>
    </groups>
    <test started-at="2023-01-12T13:29:02 IST" name="Default test" finished-at="2023-01-12T13:29:41 IST" duration-ms="38919">
      <class name="testcases.Login">
        <test-method is-config="true" signature="f1()[pri:0, instance:testcases.Login@77eca502]" started-at="2023-01-12T13:29:02 IST" name="f1" finished-at="2023-01-12T13:29:03 IST" duration-ms="627" status="PASS">
          <reporter-output>
          </reporter-output>
        </test-method> <!-- f1 -->
        <test-method signature="TestCase002()[pri:0, instance:testcases.Login@77eca502]" started-at="2023-01-12T13:29:03 IST" name="TestCase002" finished-at="2023-01-12T13:29:03 IST" duration-ms="46" status="FAIL">
          <exception class="java.lang.NullPointerException">
            <message>
              <![CDATA[Cannot invoke "org.openqa.selenium.TakesScreenshot.getScreenshotAs(org.openqa.selenium.OutputType)" because "driver" is null]]>
            </message>
            <full-stacktrace>
              <![CDATA[java.lang.NullPointerException: Cannot invoke "org.openqa.selenium.TakesScreenshot.getScreenshotAs(org.openqa.selenium.OutputType)" because "driver" is null
at testcases.BaseClassNew.getScreenshot(BaseClassNew.java:91)
at testcases.Login.TestCase002(Login.java:65)
at java.base/jdk.internal.reflect.DirectMethodHandleAccessor.invoke(DirectMethodHandleAccessor.java:104)
at java.base/java.lang.reflect.Method.invoke(Method.java:577)
at org.testng.internal.invokers.MethodInvocationHelper.invokeMethod(MethodInvocationHelper.java:139)
at org.testng.internal.invokers.TestInvoker.invokeMethod(TestInvoker.java:677)
at org.testng.internal.invokers.TestInvoker.invokeTestMethod(TestInvoker.java:221)
at org.testng.internal.invokers.MethodRunner.runInSequence(MethodRunner.java:50)
at org.testng.internal.invokers.TestInvoker$MethodInvocationAgent.invoke(TestInvoker.java:962)
at org.testng.internal.invokers.TestInvoker.invokeTestMethods(TestInvoker.java:194)
at org.testng.internal.invokers.TestMethodWorker.invokeTestMethods(TestMethodWorker.java:148)
at org.testng.internal.invokers.TestMethodWorker.run(TestMethodWorker.java:128)
at java.base/java.util.ArrayList.forEach(ArrayList.java:1511)
at org.testng.TestRunner.privateRun(TestRunner.java:806)
at org.testng.TestRunner.run(TestRunner.java:601)
at org.testng.SuiteRunner.runTest(SuiteRunner.java:433)
at org.testng.SuiteRunner.runSequentially(SuiteRunner.java:427)
at org.testng.SuiteRunner.privateRun(SuiteRunner.java:387)
at org.testng.SuiteRunner.run(SuiteRunner.java:330)
at org.testng.SuiteRunnerWorker.runSuite(SuiteRunnerWorker.java:52)
at org.testng.SuiteRunnerWorker.run(SuiteRunnerWorker.java:95)
at org.testng.TestNG.runSuitesSequentially(TestNG.java:1256)
at org.testng.TestNG.runSuitesLocally(TestNG.java:1176)
at org.testng.TestNG.runSuites(TestNG.java:1099)
at org.testng.TestNG.run(TestNG.java:1067)
at org.testng.remote.AbstractRemoteTestNG.run(AbstractRemoteTestNG.java:115)
at org.testng.remote.RemoteTestNG.initAndRun(RemoteTestNG.java:251)
at org.testng.remote.RemoteTestNG.main(RemoteTestNG.java:77)
]]>
            </full-stacktrace>
          </exception> <!-- java.lang.NullPointerException -->
          <reporter-output>
          </reporter-output>
        </test-method> <!-- TestCase002 -->
        <test-method signature="Testcase001(java.lang.String,java.lang.String)[pri:0, instance:testcases.Login@77eca502]" started-at="2023-01-12T13:29:04 IST" name="Testcase001" data-provider="LoginData" finished-at="2023-01-12T13:29:25 IST" duration-ms="21086" status="PASS">
          <params>
            <param index="0">
              <value>
                <![CDATA[App2]]>
              </value>
            </param>
            <param index="1">
              <value>
                <![CDATA[1234]]>
              </value>
            </param>
          </params>
          <reporter-output>
          </reporter-output>
        </test-method> <!-- Testcase001 -->
        <test-method signature="Testcase001(java.lang.String,java.lang.String)[pri:0, instance:testcases.Login@77eca502]" started-at="2023-01-12T13:29:25 IST" name="Testcase001" data-provider="LoginData" finished-at="2023-01-12T13:29:40 IST" duration-ms="14888" status="PASS">
          <params>
            <param index="0">
              <value>
                <![CDATA[App3]]>
              </value>
            </param>
            <param index="1">
              <value>
                <![CDATA[34567]]>
              </value>
            </param>
          </params>
          <reporter-output>
          </reporter-output>
        </test-method> <!-- Testcase001 -->
        <test-method is-config="true" signature="teardown()[pri:0, instance:testcases.Login@77eca502]" started-at="2023-01-12T13:29:40 IST" name="teardown" finished-at="2023-01-12T13:29:41 IST" duration-ms="1150" status="PASS">
          <reporter-output>
          </reporter-output>
        </test-method> <!-- teardown -->
      </class> <!-- testcases.Login -->
    </test> <!-- Default test -->
  </suite> <!-- Default suite -->
</testng-results>
